#
# A fatal error has been detected by the Java Runtime Environment:
#
#  Internal Error (javaClasses.cpp:129), pid=4644, tid=3260
#  fatal error: Invalid layout of preloaded class
#
# JRE version: 7.0_09-b05
# Java VM: Java HotSpot(TM) 64-Bit Server VM (23.5-b02 mixed mode windows-amd64 compressed oops)
# Failed to write core dump. Minidumps are not enabled by default on client versions of Windows
#
# If you would like to submit a bug report, please visit:
#   http://bugreport.sun.com/bugreport/crash.jsp
#

---------------  T H R E A D  ---------------

Current thread (0x000000000234d000):  JavaThread "Unknown thread" [_thread_in_vm, id=3260, stack(0x00000000026a0000,0x00000000027a0000)]

Stack: [0x00000000026a0000,0x00000000027a0000]

---------------  P R O C E S S  ---------------

Java Threads: ( => current thread )

Other Threads:

=>0x000000000234d000 (exited) JavaThread "Unknown thread" [_thread_in_vm, id=3260, stack(0x00000000026a0000,0x00000000027a0000)]

VM state:not at safepoint (not fully initialized)

VM Mutex/Monitor currently owned by a thread: None

GC Heap History (0 events):
No events

Deoptimization events (0 events):
No events

Internal exceptions (0 events):
No events

Events (10 events):
Event: 0.008 loading class 0x0000000002274790 done
Event: 0.008 loading class 0x00000000022329f0 done
Event: 0.008 loading class 0x00000000022329c0
Event: 0.008 loading class 0x0000000002282900
Event: 0.008 loading class 0x0000000002282900 done
Event: 0.008 loading class 0x0000000002282940
Event: 0.008 loading class 0x0000000002282940 done
Event: 0.008 loading class 0x0000000008c8d170
Event: 0.008 loading class 0x0000000008c8d170 done
Event: 0.008 loading class 0x00000000022329c0 done


Dynamic libraries:
0x000000013fcb0000 - 0x000000013fce4000 	C:\Program Files\Java\jre7\bin\javaw.exe
0x0000000077bd0000 - 0x0000000077d79000 	C:\Windows\SYSTEM32\ntdll.dll
0x0000000077ab0000 - 0x0000000077bcf000 	C:\Windows\system32\kernel32.dll
0x000007fefe2b0000 - 0x000007fefe31c000 	C:\Windows\system32\KERNELBASE.dll
0x000007fefea00000 - 0x000007fefeadb000 	C:\Windows\system32\ADVAPI32.dll
0x000007fefef80000 - 0x000007feff01f000 	C:\Windows\system32\msvcrt.dll
0x000007fefed20000 - 0x000007fefed3f000 	C:\Windows\SYSTEM32\sechost.dll
0x000007feff020000 - 0x000007feff14d000 	C:\Windows\system32\RPCRT4.dll
0x00000000779b0000 - 0x0000000077aaa000 	C:\Windows\system32\USER32.dll
0x000007fefe840000 - 0x000007fefe8a7000 	C:\Windows\system32\GDI32.dll
0x000007fefed10000 - 0x000007fefed1e000 	C:\Windows\system32\LPK.dll
0x000007fefe900000 - 0x000007fefe9c9000 	C:\Windows\system32\USP10.dll
0x000007fefc9f0000 - 0x000007fefcbe4000 	C:\Windows\WinSxS\amd64_microsoft.windows.common-controls_6595b64144ccf1df_6.0.7601.17514_none_fa396087175ac9ac\COMCTL32.dll
0x000007fefe4a0000 - 0x000007fefe511000 	C:\Windows\system32\SHLWAPI.dll
0x000007fefe9d0000 - 0x000007fefe9fe000 	C:\Windows\system32\IMM32.DLL
0x000007fefeae0000 - 0x000007fefebe9000 	C:\Windows\system32\MSCTF.dll
0x000000006e490000 - 0x000000006e561000 	C:\Program Files\Java\jre7\bin\msvcr100.dll
0x000000006d6e0000 - 0x000000006ddff000 	C:\Program Files\Java\jre7\bin\server\jvm.dll
0x000007feef7e0000 - 0x000007feef7e9000 	C:\Windows\system32\WSOCK32.dll
0x000007fefe8b0000 - 0x000007fefe8fd000 	C:\Windows\system32\WS2_32.dll
0x000007fefed60000 - 0x000007fefed68000 	C:\Windows\system32\NSI.dll
0x000007fefb160000 - 0x000007fefb19b000 	C:\Windows\system32\WINMM.dll
0x0000000077d90000 - 0x0000000077d97000 	C:\Windows\system32\PSAPI.DLL
0x000000006e480000 - 0x000000006e48f000 	C:\Program Files\Java\jre7\bin\verify.dll
0x000000006e450000 - 0x000000006e478000 	C:\Program Files\Java\jre7\bin\java.dll
0x0000000074580000 - 0x00000000745b5000 	C:\Program Files\Java\jre7\bin\jdwp.dll
0x0000000074a90000 - 0x0000000074a98000 	C:\Program Files\Java\jre7\bin\npt.dll
0x000000006e430000 - 0x000000006e445000 	C:\Program Files\Java\jre7\bin\zip.dll

VM Arguments:
jvm_args: -agentlib:jdwp=transport=dt_socket,suspend=y,address=localhost:51944 -Dfile.encoding=Cp1252 -Xbootclasspath:C:\Program Files (x86)\Android\android-sdk\platforms\android-16\android.jar 
java_command: com.example.adventuregameengine.TestDrive C:\Users\Alex\workspace\AdventureGameEngine\assets\GameLogic\core\game01.xml
Launcher Type: SUN_STANDARD

Environment Variables:
CLASSPATH=.;C:\Program Files (x86)\QuickTime\QTSystem\QTJava.zip
PATH=C:\Program Files (x86)\NVIDIA Corporation\PhysX\Common;C:\Program Files\Common Files\Microsoft Shared\Windows Live;C:\Windows\system32;C:\Windows;C:\Windows\System32\Wbem;C:\Windows\System32\WindowsPowerShell\v1.0\;C:\Program Files\Intel\DMIX;C:\Program Files (x86)\QuickTime\QTSystem\;C:\Program Files (x86)\Calibre2\;C:\Program Files (x86)\ATI Technologies\ATI.ACE\Core-Static;C:\Program Files\Common Files\Microsoft Shared\Windows Live;C:\Program Files (x86)\smartmontools\bin
USERNAME=Alex
OS=Windows_NT
PROCESSOR_IDENTIFIER=Intel64 Family 6 Model 42 Stepping 7, GenuineIntel



---------------  S Y S T E M  ---------------

OS: Windows 7 , 64 bit Build 7601 Service Pack 1

CPU:total 4 (4 cores per cpu, 1 threads per core) family 6 model 42 stepping 7, cmov, cx8, fxsr, mmx, sse, sse2, sse3, ssse3, sse4.1, sse4.2, popcnt, avx, tsc, tscinvbit

Memory: 4k page, physical 4168836k(1310172k free), swap 8335820k(4415712k free)

vm_info: Java HotSpot(TM) 64-Bit Server VM (23.5-b02) for windows-amd64 JRE (1.7.0_09-b05), built on Sep 24 2012 21:45:04 by "java_re" with unknown MS VC++:1600

time: Tue Nov 13 16:08:47 2012
elapsed time: 0 seconds

