#
# A fatal error has been detected by the Java Runtime Environment:
#
#  Internal Error (javaClasses.cpp:129), pid=3936, tid=4488
#  fatal error: Invalid layout of preloaded class
#
# JRE version: 7.0_09-b05
# Java VM: Java HotSpot(TM) 64-Bit Server VM (23.5-b02 mixed mode windows-amd64 compressed oops)
# Failed to write core dump. Minidumps are not enabled by default on client versions of Windows
#
# If you would like to submit a bug report, please visit:
#   http://bugreport.sun.com/bugreport/crash.jsp
#

---------------  T H R E A D  ---------------

Current thread (0x0000000001f0c800):  JavaThread "Unknown thread" [_thread_in_vm, id=4488, stack(0x00000000020b0000,0x00000000021b0000)]

Stack: [0x00000000020b0000,0x00000000021b0000]

---------------  P R O C E S S  ---------------

Java Threads: ( => current thread )

Other Threads:

=>0x0000000001f0c800 (exited) JavaThread "Unknown thread" [_thread_in_vm, id=4488, stack(0x00000000020b0000,0x00000000021b0000)]

VM state:not at safepoint (not fully initialized)

VM Mutex/Monitor currently owned by a thread: None

GC Heap History (0 events):
No events

Deoptimization events (0 events):
No events

Internal exceptions (0 events):
No events

Events (10 events):
Event: 0.005 loading class 0x0000000001dcfd10 done
Event: 0.005 loading class 0x0000000001d92150 done
Event: 0.005 loading class 0x0000000001d92120
Event: 0.005 loading class 0x0000000001e1f3d0
Event: 0.005 loading class 0x0000000001e1f3d0 done
Event: 0.005 loading class 0x0000000001e1f410
Event: 0.005 loading class 0x0000000001e1f410 done
Event: 0.005 loading class 0x0000000008750120
Event: 0.005 loading class 0x0000000008750120 done
Event: 0.005 loading class 0x0000000001d92120 done


Dynamic libraries:
0x000000013fcb0000 - 0x000000013fce4000 	C:\Program Files\Java\jre7\bin\javaw.exe
0x0000000077b10000 - 0x0000000077cb9000 	C:\Windows\SYSTEM32\ntdll.dll
0x0000000077590000 - 0x00000000776af000 	C:\Windows\system32\kernel32.dll
0x000007fefe270000 - 0x000007fefe2dc000 	C:\Windows\system32\KERNELBASE.dll
0x000007fefe670000 - 0x000007fefe74b000 	C:\Windows\system32\ADVAPI32.dll
0x000007fefe410000 - 0x000007fefe4af000 	C:\Windows\system32\msvcrt.dll
0x000007feffc70000 - 0x000007feffc8f000 	C:\Windows\SYSTEM32\sechost.dll
0x000007fefe750000 - 0x000007fefe87d000 	C:\Windows\system32\RPCRT4.dll
0x0000000077a10000 - 0x0000000077b0a000 	C:\Windows\system32\USER32.dll
0x000007feffd30000 - 0x000007feffd97000 	C:\Windows\system32\GDI32.dll
0x000007feffc60000 - 0x000007feffc6e000 	C:\Windows\system32\LPK.dll
0x000007fefe340000 - 0x000007fefe409000 	C:\Windows\system32\USP10.dll
0x000007fefc930000 - 0x000007fefcb24000 	C:\Windows\WinSxS\amd64_microsoft.windows.common-controls_6595b64144ccf1df_6.0.7601.17514_none_fa396087175ac9ac\COMCTL32.dll
0x000007feffcb0000 - 0x000007feffd21000 	C:\Windows\system32\SHLWAPI.dll
0x000007feff8d0000 - 0x000007feff8fe000 	C:\Windows\system32\IMM32.DLL
0x000007fefe560000 - 0x000007fefe669000 	C:\Windows\system32\MSCTF.dll
0x000000006d050000 - 0x000000006d121000 	C:\Program Files\Java\jre7\bin\msvcr100.dll
0x000000006c930000 - 0x000000006d04f000 	C:\Program Files\Java\jre7\bin\server\jvm.dll
0x000007feec970000 - 0x000007feec979000 	C:\Windows\system32\WSOCK32.dll
0x000007feffc10000 - 0x000007feffc5d000 	C:\Windows\system32\WS2_32.dll
0x000007fefe550000 - 0x000007fefe558000 	C:\Windows\system32\NSI.dll
0x000007fefba20000 - 0x000007fefba5b000 	C:\Windows\system32\WINMM.dll
0x0000000077cd0000 - 0x0000000077cd7000 	C:\Windows\system32\PSAPI.DLL
0x000000006c920000 - 0x000000006c92f000 	C:\Program Files\Java\jre7\bin\verify.dll
0x000000006c8f0000 - 0x000000006c918000 	C:\Program Files\Java\jre7\bin\java.dll
0x000000006c8d0000 - 0x000000006c8e5000 	C:\Program Files\Java\jre7\bin\zip.dll

VM Arguments:
jvm_args: -Dfile.encoding=Cp1252 -Xbootclasspath:C:\Program Files (x86)\Android\android-sdk\platforms\android-16\android.jar 
java_command: adventuregameengine.TestDrive C:\Users\Alex\workspace\AdventureGameEngine\assets\GameLogic\core\game01.xml
Launcher Type: SUN_STANDARD

Environment Variables:
CLASSPATH=.;C:\Program Files (x86)\QuickTime\QTSystem\QTJava.zip
PATH=C:\Program Files (x86)\NVIDIA Corporation\PhysX\Common;C:\Program Files\Common Files\Microsoft Shared\Windows Live;C:\Windows\system32;C:\Windows;C:\Windows\System32\Wbem;C:\Windows\System32\WindowsPowerShell\v1.0\;C:\Program Files\Intel\DMIX;C:\Program Files (x86)\QuickTime\QTSystem\;C:\Program Files (x86)\Calibre2\;C:\Program Files (x86)\ATI Technologies\ATI.ACE\Core-Static;C:\Program Files\Common Files\Microsoft Shared\Windows Live;C:\Program Files (x86)\smartmontools\bin;C:\Program Files (x86)\Android\android-sdk\platform-tools
USERNAME=Alex
OS=Windows_NT
PROCESSOR_IDENTIFIER=Intel64 Family 6 Model 42 Stepping 7, GenuineIntel



---------------  S Y S T E M  ---------------

OS: Windows 7 , 64 bit Build 7601 Service Pack 1

CPU:total 4 (4 cores per cpu, 1 threads per core) family 6 model 42 stepping 7, cmov, cx8, fxsr, mmx, sse, sse2, sse3, ssse3, sse4.1, sse4.2, popcnt, avx, tsc, tscinvbit

Memory: 4k page, physical 4168836k(2317444k free), swap 8335820k(5769240k free)

vm_info: Java HotSpot(TM) 64-Bit Server VM (23.5-b02) for windows-amd64 JRE (1.7.0_09-b05), built on Sep 24 2012 21:45:04 by "java_re" with unknown MS VC++:1600

time: Fri Dec 21 09:50:15 2012
elapsed time: 0 seconds

