#
# A fatal error has been detected by the Java Runtime Environment:
#
#  Internal Error (javaClasses.cpp:129), pid=4944, tid=4136
#  fatal error: Invalid layout of preloaded class
#
# JRE version: 7.0_09-b05
# Java VM: Java HotSpot(TM) 64-Bit Server VM (23.5-b02 mixed mode windows-amd64 compressed oops)
# Failed to write core dump. Minidumps are not enabled by default on client versions of Windows
#
# If you would like to submit a bug report, please visit:
#   http://bugreport.sun.com/bugreport/crash.jsp
#

---------------  T H R E A D  ---------------

Current thread (0x000000000013d000):  JavaThread "Unknown thread" [_thread_in_vm, id=4136, stack(0x0000000002490000,0x0000000002590000)]

Stack: [0x0000000002490000,0x0000000002590000]

---------------  P R O C E S S  ---------------

Java Threads: ( => current thread )

Other Threads:

=>0x000000000013d000 (exited) JavaThread "Unknown thread" [_thread_in_vm, id=4136, stack(0x0000000002490000,0x0000000002590000)]

VM state:not at safepoint (not fully initialized)

VM Mutex/Monitor currently owned by a thread: None

GC Heap History (0 events):
No events

Deoptimization events (0 events):
No events

Internal exceptions (0 events):
No events

Events (10 events):
Event: 0.006 loading class 0x0000000002190a50 done
Event: 0.006 loading class 0x0000000002152a80 done
Event: 0.006 loading class 0x0000000002152a50
Event: 0.006 loading class 0x000000000219ec10
Event: 0.006 loading class 0x000000000219ec10 done
Event: 0.006 loading class 0x000000000219ec50
Event: 0.006 loading class 0x000000000219ec50 done
Event: 0.006 loading class 0x00000000088ed170
Event: 0.006 loading class 0x00000000088ed170 done
Event: 0.006 loading class 0x0000000002152a50 done


Dynamic libraries:
0x000000013fbc0000 - 0x000000013fbf4000 	C:\Program Files\Java\jre7\bin\javaw.exe
0x0000000077b60000 - 0x0000000077d09000 	C:\Windows\SYSTEM32\ntdll.dll
0x00000000778e0000 - 0x00000000779ff000 	C:\Windows\system32\kernel32.dll
0x000007fefe2e0000 - 0x000007fefe34c000 	C:\Windows\system32\KERNELBASE.dll
0x000007feff5b0000 - 0x000007feff68b000 	C:\Windows\system32\ADVAPI32.dll
0x000007feffb40000 - 0x000007feffbdf000 	C:\Windows\system32\msvcrt.dll
0x000007feff810000 - 0x000007feff82f000 	C:\Windows\SYSTEM32\sechost.dll
0x000007feff150000 - 0x000007feff27d000 	C:\Windows\system32\RPCRT4.dll
0x0000000077480000 - 0x000000007757a000 	C:\Windows\system32\USER32.dll
0x000007feffcf0000 - 0x000007feffd57000 	C:\Windows\system32\GDI32.dll
0x000007feffd60000 - 0x000007feffd6e000 	C:\Windows\system32\LPK.dll
0x000007feff300000 - 0x000007feff3c9000 	C:\Windows\system32\USP10.dll
0x000007fefba70000 - 0x000007fefbc64000 	C:\Windows\WinSxS\amd64_microsoft.windows.common-controls_6595b64144ccf1df_6.0.7601.17514_none_fa396087175ac9ac\COMCTL32.dll
0x000007feff280000 - 0x000007feff2f1000 	C:\Windows\system32\SHLWAPI.dll
0x000007feff120000 - 0x000007feff14e000 	C:\Windows\system32\IMM32.DLL
0x000007feffbe0000 - 0x000007feffce9000 	C:\Windows\system32\MSCTF.dll
0x0000000070360000 - 0x0000000070431000 	C:\Program Files\Java\jre7\bin\msvcr100.dll
0x000000006d610000 - 0x000000006dd2f000 	C:\Program Files\Java\jre7\bin\server\jvm.dll
0x000007fefb400000 - 0x000007fefb409000 	C:\Windows\system32\WSOCK32.dll
0x000007feffe20000 - 0x000007feffe6d000 	C:\Windows\system32\WS2_32.dll
0x000007feffd70000 - 0x000007feffd78000 	C:\Windows\system32\NSI.dll
0x000007fefb130000 - 0x000007fefb16b000 	C:\Windows\system32\WINMM.dll
0x0000000077d20000 - 0x0000000077d27000 	C:\Windows\system32\PSAPI.DLL
0x0000000072940000 - 0x000000007294f000 	C:\Program Files\Java\jre7\bin\verify.dll
0x0000000072910000 - 0x0000000072938000 	C:\Program Files\Java\jre7\bin\java.dll
0x000000006ad10000 - 0x000000006ad45000 	C:\Program Files\Java\jre7\bin\jdwp.dll
0x000000006ca90000 - 0x000000006ca98000 	C:\Program Files\Java\jre7\bin\npt.dll
0x00000000728f0000 - 0x0000000072905000 	C:\Program Files\Java\jre7\bin\zip.dll

VM Arguments:
jvm_args: -agentlib:jdwp=transport=dt_socket,suspend=y,address=localhost:59757 -Dfile.encoding=Cp1252 -Xbootclasspath:C:\Program Files (x86)\Android\android-sdk\platforms\android-16\android.jar 
java_command: com.example.adventuregameengine.TestDrive C:\Users\Alex\workspace\AdventureGameEngine\assets\GameLogic\core\game01.xml
Launcher Type: SUN_STANDARD

Environment Variables:
CLASSPATH=.;C:\Program Files (x86)\QuickTime\QTSystem\QTJava.zip
PATH=C:\Program Files (x86)\NVIDIA Corporation\PhysX\Common;C:\Program Files\Common Files\Microsoft Shared\Windows Live;C:\Windows\system32;C:\Windows;C:\Windows\System32\Wbem;C:\Windows\System32\WindowsPowerShell\v1.0\;C:\Program Files\Intel\DMIX;C:\Program Files (x86)\QuickTime\QTSystem\;C:\Program Files (x86)\Calibre2\;C:\Program Files (x86)\ATI Technologies\ATI.ACE\Core-Static;C:\Program Files\Common Files\Microsoft Shared\Windows Live;C:\Program Files (x86)\smartmontools\bin;C:\Program Files (x86)\Android\android-sdk\platform-tools
USERNAME=Alex
OS=Windows_NT
PROCESSOR_IDENTIFIER=Intel64 Family 6 Model 42 Stepping 7, GenuineIntel



---------------  S Y S T E M  ---------------

OS: Windows 7 , 64 bit Build 7601 Service Pack 1

CPU:total 4 (4 cores per cpu, 1 threads per core) family 6 model 42 stepping 7, cmov, cx8, fxsr, mmx, sse, sse2, sse3, ssse3, sse4.1, sse4.2, popcnt, avx, tsc, tscinvbit

Memory: 4k page, physical 4168836k(837896k free), swap 8335820k(3394316k free)

vm_info: Java HotSpot(TM) 64-Bit Server VM (23.5-b02) for windows-amd64 JRE (1.7.0_09-b05), built on Sep 24 2012 21:45:04 by "java_re" with unknown MS VC++:1600

time: Wed Nov 14 13:55:39 2012
elapsed time: 0 seconds

